<?xml version="1.0" encoding="UTF-8"?>
<testsuite name="ohtu.lyyrakortti.KassapaateTest" tests="4" skipped="0" failures="0" errors="0" timestamp="2017-04-21T13:53:00" hostname="Piia-MBP-2.Elisa" time="0.337">
  <properties/>
  <testcase name="korttiEiLataaNegatiivistaSummaa" classname="ohtu.lyyrakortti.KassapaateTest" time="0.326"/>
  <testcase name="kortiltaVelotetaanHintaJosRahaaOn" classname="ohtu.lyyrakortti.KassapaateTest" time="0.009"/>
  <testcase name="korttiLataaPositiivisenSumman" classname="ohtu.lyyrakortti.KassapaateTest" time="0.0"/>
  <testcase name="kortiltaEiVelotetaJosRahaEiRiita" classname="ohtu.lyyrakortti.KassapaateTest" time="0.0"/>
  <system-out><![CDATA[]]></system-out>
  <system-err><![CDATA[]]></system-err>
</testsuite>
